android/app/build/intermediates/manifest_merge_blame_file/debug/manifest-merger-blame-debug-report.txt
1<?xml version="1.0" encoding="utf-8"?>
2<manifest xmlns:android="http://schemas.android.com/apk/res/android"
3    package="com.newscan"
4    android:versionCode="1"
5    android:versionName="1.0" >
6
7    <uses-sdk
8        android:minSdkVersion="21"
9        android:targetSdkVersion="31" />
10
11    <uses-permission android:name="android.permission.SYSTEM_ALERT_WINDOW" />
11-->src\debug\AndroidManifest.xml:5:5-77
11-->src\debug\AndroidManifest.xml:5:22-75
12    <uses-permission android:name="android.permission.INTERNET" />
12-->src\main\AndroidManifest.xml:3:5-67
12-->src\main\AndroidManifest.xml:3:22-64
13    <uses-permission android:name="android.permission.VIBRATE" />
13-->src\main\AndroidManifest.xml:4:5-65
13-->src\main\AndroidManifest.xml:4:22-63
14    <uses-permission android:name="android.permission.CAMERA" />
14-->src\main\AndroidManifest.xml:5:5-65
14-->src\main\AndroidManifest.xml:5:22-62
15    <uses-permission android:name="android.permission.RECORD_AUDIO" />
15-->src\main\AndroidManifest.xml:6:5-70
15-->src\main\AndroidManifest.xml:6:22-68
16    <uses-permission android:name="android.permission.ACCESS_WIFI_STATE" />
16-->[com.facebook.flipper:flipper:0.182.0] AndroidManifest.xml:16:5-76
16-->[com.facebook.flipper:flipper:0.182.0] AndroidManifest.xml:16:22-73
17
18    <uses-feature
18-->[:react-native-camera] AndroidManifest.xml:9:5-11:36
19        android:name="android.hardware.camera"
19-->[:react-native-camera] AndroidManifest.xml:10:9-47
20        android:required="false" />
20-->[:react-native-camera] AndroidManifest.xml:11:9-33
21    <uses-feature
21-->[:react-native-camera] AndroidManifest.xml:12:5-14:36
22        android:name="android.hardware.camera.autofocus"
22-->[:react-native-camera] AndroidManifest.xml:13:9-57
23        android:required="false" /> <!-- Although the *SdkVersion is captured in gradle build files, this is required for non gradle builds -->
23-->[:react-native-camera] AndroidManifest.xml:14:9-33
24    <!-- <uses-sdk android:minSdkVersion="14"/> -->
25    <uses-permission android:name="android.permission.ACCESS_NETWORK_STATE" />
25-->[com.google.android.datatransport:transport-backend-cct:2.3.3] AndroidManifest.xml:25:5-79
25-->[com.google.android.datatransport:transport-backend-cct:2.3.3] AndroidManifest.xml:25:22-76
26
27    <application
27-->src\main\AndroidManifest.xml:8:5-27:19
28        android:name="com.newscan.MainApplication"
28-->src\main\AndroidManifest.xml:9:7-38
29        android:allowBackup="false"
29-->src\main\AndroidManifest.xml:13:7-34
30        android:appComponentFactory="androidx.core.app.CoreComponentFactory"
30-->[androidx.core:core:1.7.0] AndroidManifest.xml:24:18-86
31        android:debuggable="true"
32        android:icon="@mipmap/ic_launcher"
32-->src\main\AndroidManifest.xml:11:7-41
33        android:label="@string/app_name"
33-->src\main\AndroidManifest.xml:10:7-39
34        android:roundIcon="@mipmap/ic_launcher_round"
34-->src\main\AndroidManifest.xml:12:7-52
35        android:theme="@style/AppTheme"
35-->src\main\AndroidManifest.xml:14:7-38
36        android:usesCleartextTraffic="true" >
36-->src\debug\AndroidManifest.xml:8:9-44
37        <activity
37-->src\debug\AndroidManifest.xml:11:9-111
38            android:name="com.facebook.react.devsupport.DevSettingsActivity"
38-->src\debug\AndroidManifest.xml:11:19-83
39            android:exported="false" />
39-->src\debug\AndroidManifest.xml:11:84-108
40        <activity
40-->src\main\AndroidManifest.xml:15:7-26:18
41            android:name="com.newscan.MainActivity"
41-->src\main\AndroidManifest.xml:16:9-37
42            android:configChanges="keyboard|keyboardHidden|orientation|screenLayout|screenSize|smallestScreenSize|uiMode"
42-->src\main\AndroidManifest.xml:18:9-118
43            android:exported="true"
43-->src\main\AndroidManifest.xml:21:9-32
44            android:label="@string/app_name"
44-->src\main\AndroidManifest.xml:17:9-41
45            android:launchMode="singleTask"
45-->src\main\AndroidManifest.xml:19:9-40
46            android:windowSoftInputMode="adjustResize" >
46-->src\main\AndroidManifest.xml:20:9-51
47            <intent-filter>
47-->src\main\AndroidManifest.xml:22:9-25:25
48                <action android:name="android.intent.action.MAIN" />
48-->src\main\AndroidManifest.xml:23:13-65
48-->src\main\AndroidManifest.xml:23:21-62
49
50                <category android:name="android.intent.category.LAUNCHER" />
50-->src\main\AndroidManifest.xml:24:13-73
50-->src\main\AndroidManifest.xml:24:23-70
51            </intent-filter>
52        </activity>
53
54        <meta-data
54-->[com.facebook.soloader:soloader:0.10.5] AndroidManifest.xml:12:9-14:37
55            android:name="com.facebook.soloader.enabled"
55-->[com.facebook.soloader:soloader:0.10.5] AndroidManifest.xml:13:13-57
56            android:value="false" />
56-->[com.facebook.soloader:soloader:0.10.5] AndroidManifest.xml:14:13-34
57
58        <service
58-->[com.google.android.gms:play-services-mlkit-barcode-scanning:16.2.0] AndroidManifest.xml:9:9-15:19
59            android:name="com.google.mlkit.common.internal.MlKitComponentDiscoveryService"
59-->[com.google.android.gms:play-services-mlkit-barcode-scanning:16.2.0] AndroidManifest.xml:10:13-91
60            android:directBootAware="true"
60-->[com.google.mlkit:common:17.2.0] AndroidManifest.xml:17:13-43
61            android:exported="false" >
61-->[com.google.android.gms:play-services-mlkit-barcode-scanning:16.2.0] AndroidManifest.xml:11:13-37
62            <meta-data
62-->[com.google.android.gms:play-services-mlkit-barcode-scanning:16.2.0] AndroidManifest.xml:12:13-14:85
63                android:name="com.google.firebase.components:com.google.mlkit.vision.barcode.internal.BarcodeRegistrar"
63-->[com.google.android.gms:play-services-mlkit-barcode-scanning:16.2.0] AndroidManifest.xml:13:17-120
64                android:value="com.google.firebase.components.ComponentRegistrar" />
64-->[com.google.android.gms:play-services-mlkit-barcode-scanning:16.2.0] AndroidManifest.xml:14:17-82
65            <meta-data
65-->[com.google.android.gms:play-services-mlkit-face-detection:16.2.0] AndroidManifest.xml:12:13-14:85
66                android:name="com.google.firebase.components:com.google.mlkit.vision.face.internal.FaceRegistrar"
66-->[com.google.android.gms:play-services-mlkit-face-detection:16.2.0] AndroidManifest.xml:13:17-114
67                android:value="com.google.firebase.components.ComponentRegistrar" />
67-->[com.google.android.gms:play-services-mlkit-face-detection:16.2.0] AndroidManifest.xml:14:17-82
68            <meta-data
68-->[com.google.android.gms:play-services-mlkit-text-recognition:16.3.0] AndroidManifest.xml:12:13-14:85
69                android:name="com.google.firebase.components:com.google.mlkit.vision.text.internal.TextRegistrar"
69-->[com.google.android.gms:play-services-mlkit-text-recognition:16.3.0] AndroidManifest.xml:13:17-114
70                android:value="com.google.firebase.components.ComponentRegistrar" />
70-->[com.google.android.gms:play-services-mlkit-text-recognition:16.3.0] AndroidManifest.xml:14:17-82
71            <meta-data
71-->[com.google.mlkit:vision-common:16.5.0] AndroidManifest.xml:12:13-14:85
72                android:name="com.google.firebase.components:com.google.mlkit.vision.common.internal.VisionCommonRegistrar"
72-->[com.google.mlkit:vision-common:16.5.0] AndroidManifest.xml:13:17-124
73                android:value="com.google.firebase.components.ComponentRegistrar" />
73-->[com.google.mlkit:vision-common:16.5.0] AndroidManifest.xml:14:17-82
74            <meta-data
74-->[com.google.mlkit:common:17.2.0] AndroidManifest.xml:20:13-22:85
75                android:name="com.google.firebase.components:com.google.mlkit.common.internal.CommonComponentRegistrar"
75-->[com.google.mlkit:common:17.2.0] AndroidManifest.xml:21:17-120
76                android:value="com.google.firebase.components.ComponentRegistrar" />
76-->[com.google.mlkit:common:17.2.0] AndroidManifest.xml:22:17-82
77        </service>
78
79        <provider
79-->[com.google.mlkit:common:17.2.0] AndroidManifest.xml:9:9-13:38
80            android:name="com.google.mlkit.common.internal.MlKitInitProvider"
80-->[com.google.mlkit:common:17.2.0] AndroidManifest.xml:10:13-78
81            android:authorities="com.newscan.mlkitinitprovider"
81-->[com.google.mlkit:common:17.2.0] AndroidManifest.xml:11:13-69
82            android:exported="false"
82-->[com.google.mlkit:common:17.2.0] AndroidManifest.xml:12:13-37
83            android:initOrder="99" />
83-->[com.google.mlkit:common:17.2.0] AndroidManifest.xml:13:13-35
84
85        <activity
85-->[com.google.android.gms:play-services-base:17.6.0] AndroidManifest.xml:23:9-26:75
86            android:name="com.google.android.gms.common.api.GoogleApiActivity"
86-->[com.google.android.gms:play-services-base:17.6.0] AndroidManifest.xml:24:13-79
87            android:exported="false"
87-->[com.google.android.gms:play-services-base:17.6.0] AndroidManifest.xml:25:13-37
88            android:theme="@android:style/Theme.Translucent.NoTitleBar" />
88-->[com.google.android.gms:play-services-base:17.6.0] AndroidManifest.xml:26:13-72
89
90        <meta-data
90-->[com.google.android.gms:play-services-basement:17.6.0] AndroidManifest.xml:23:9-25:69
91            android:name="com.google.android.gms.version"
91-->[com.google.android.gms:play-services-basement:17.6.0] AndroidManifest.xml:24:13-58
92            android:value="@integer/google_play_services_version" />
92-->[com.google.android.gms:play-services-basement:17.6.0] AndroidManifest.xml:25:13-66
93
94        <provider
94-->[androidx.emoji2:emoji2:1.0.0] AndroidManifest.xml:26:9-34:20
95            android:name="androidx.startup.InitializationProvider"
95-->[androidx.emoji2:emoji2:1.0.0] AndroidManifest.xml:27:13-67
96            android:authorities="com.newscan.androidx-startup"
96-->[androidx.emoji2:emoji2:1.0.0] AndroidManifest.xml:28:13-68
97            android:exported="false" >
97-->[androidx.emoji2:emoji2:1.0.0] AndroidManifest.xml:29:13-37
98            <meta-data
98-->[androidx.emoji2:emoji2:1.0.0] AndroidManifest.xml:31:13-33:52
99                android:name="androidx.emoji2.text.EmojiCompatInitializer"
99-->[androidx.emoji2:emoji2:1.0.0] AndroidManifest.xml:32:17-75
100                android:value="androidx.startup" />
100-->[androidx.emoji2:emoji2:1.0.0] AndroidManifest.xml:33:17-49
101            <meta-data
101-->[androidx.lifecycle:lifecycle-process:2.4.0] AndroidManifest.xml:31:13-33:52
102                android:name="androidx.lifecycle.ProcessLifecycleInitializer"
102-->[androidx.lifecycle:lifecycle-process:2.4.0] AndroidManifest.xml:32:17-78
103                android:value="androidx.startup" />
103-->[androidx.lifecycle:lifecycle-process:2.4.0] AndroidManifest.xml:33:17-49
104        </provider>
105
106        <service
106-->[com.google.android.datatransport:transport-backend-cct:2.3.3] AndroidManifest.xml:29:9-35:19
107            android:name="com.google.android.datatransport.runtime.backends.TransportBackendDiscovery"
107-->[com.google.android.datatransport:transport-backend-cct:2.3.3] AndroidManifest.xml:30:13-103
108            android:exported="false" >
108-->[com.google.android.datatransport:transport-backend-cct:2.3.3] AndroidManifest.xml:31:13-37
109            <meta-data
109-->[com.google.android.datatransport:transport-backend-cct:2.3.3] AndroidManifest.xml:32:13-34:39
110                android:name="backend:com.google.android.datatransport.cct.CctBackendFactory"
110-->[com.google.android.datatransport:transport-backend-cct:2.3.3] AndroidManifest.xml:33:17-94
111                android:value="cct" />
111-->[com.google.android.datatransport:transport-backend-cct:2.3.3] AndroidManifest.xml:34:17-36
112        </service>
113        <service
113-->[com.google.android.datatransport:transport-runtime:2.2.6] AndroidManifest.xml:26:9-30:19
114            android:name="com.google.android.datatransport.runtime.scheduling.jobscheduling.JobInfoSchedulerService"
114-->[com.google.android.datatransport:transport-runtime:2.2.6] AndroidManifest.xml:27:13-117
115            android:exported="false"
115-->[com.google.android.datatransport:transport-runtime:2.2.6] AndroidManifest.xml:28:13-37
116            android:permission="android.permission.BIND_JOB_SERVICE" >
116-->[com.google.android.datatransport:transport-runtime:2.2.6] AndroidManifest.xml:29:13-69
117        </service>
118
119        <receiver
119-->[com.google.android.datatransport:transport-runtime:2.2.6] AndroidManifest.xml:32:9-34:40
120            android:name="com.google.android.datatransport.runtime.scheduling.jobscheduling.AlarmManagerSchedulerBroadcastReceiver"
120-->[com.google.android.datatransport:transport-runtime:2.2.6] AndroidManifest.xml:33:13-132
121            android:exported="false" />
121-->[com.google.android.datatransport:transport-runtime:2.2.6] AndroidManifest.xml:34:13-37
122    </application>
123
124</manifest>